TN:
SF:app/global-error.jsx
FN:7,GlobalError
FN:8,(anonymous_1)
FNF:2
FNH:0
FNDA:0,GlobalError
FNDA:0,(anonymous_1)
DA:1,0
DA:8,0
DA:9,0
DA:12,0
LF:4
LH:0
BRF:0
BRH:0
end_of_record
TN:
SF:app/page.jsx
FN:24,Luku
FN:39,(anonymous_1)
FN:43,(anonymous_2)
FN:49,(anonymous_3)
FN:54,(anonymous_4)
FN:64,(anonymous_5)
FN:74,(anonymous_6)
FN:76,(anonymous_7)
FN:77,(anonymous_8)
FN:80,(anonymous_9)
FN:81,(anonymous_10)
FN:83,(anonymous_11)
FN:86,(anonymous_12)
FN:93,(anonymous_13)
FN:100,(anonymous_14)
FN:101,(anonymous_15)
FN:107,(anonymous_16)
FN:115,(anonymous_17)
FN:120,(anonymous_18)
FN:131,(anonymous_19)
FN:134,(anonymous_20)
FN:145,(anonymous_21)
FN:162,(anonymous_22)
FN:185,(anonymous_23)
FN:188,(anonymous_24)
FN:192,(anonymous_25)
FN:199,(anonymous_26)
FN:200,(anonymous_27)
FN:204,(anonymous_28)
FN:211,(anonymous_29)
FN:222,(anonymous_30)
FN:227,(anonymous_31)
FN:230,(anonymous_32)
FN:241,(anonymous_33)
FN:249,(anonymous_34)
FN:264,(anonymous_35)
FN:272,(anonymous_36)
FN:281,(anonymous_37)
FN:291,(anonymous_38)
FN:295,(anonymous_39)
FN:303,(anonymous_40)
FN:313,(anonymous_41)
FN:317,(anonymous_42)
FN:321,(anonymous_43)
FN:322,(anonymous_44)
FN:323,(anonymous_45)
FN:348,(anonymous_46)
FN:376,(anonymous_47)
FN:379,(anonymous_48)
FNF:49
FNH:27
FNDA:68,Luku
FNDA:13,(anonymous_1)
FNDA:13,(anonymous_2)
FNDA:13,(anonymous_3)
FNDA:3,(anonymous_4)
FNDA:26,(anonymous_5)
FNDA:1,(anonymous_6)
FNDA:12,(anonymous_7)
FNDA:12,(anonymous_8)
FNDA:12,(anonymous_9)
FNDA:12,(anonymous_10)
FNDA:0,(anonymous_11)
FNDA:1,(anonymous_12)
FNDA:0,(anonymous_13)
FNDA:0,(anonymous_14)
FNDA:0,(anonymous_15)
FNDA:0,(anonymous_16)
FNDA:0,(anonymous_17)
FNDA:0,(anonymous_18)
FNDA:0,(anonymous_19)
FNDA:0,(anonymous_20)
FNDA:0,(anonymous_21)
FNDA:2,(anonymous_22)
FNDA:1,(anonymous_23)
FNDA:0,(anonymous_24)
FNDA:1,(anonymous_25)
FNDA:1,(anonymous_26)
FNDA:1,(anonymous_27)
FNDA:1,(anonymous_28)
FNDA:0,(anonymous_29)
FNDA:3,(anonymous_30)
FNDA:3,(anonymous_31)
FNDA:3,(anonymous_32)
FNDA:0,(anonymous_33)
FNDA:0,(anonymous_34)
FNDA:0,(anonymous_35)
FNDA:0,(anonymous_36)
FNDA:3,(anonymous_37)
FNDA:4,(anonymous_38)
FNDA:0,(anonymous_39)
FNDA:174,(anonymous_40)
FNDA:3,(anonymous_41)
FNDA:0,(anonymous_42)
FNDA:0,(anonymous_43)
FNDA:1,(anonymous_44)
FNDA:0,(anonymous_45)
FNDA:1,(anonymous_46)
FNDA:0,(anonymous_47)
FNDA:0,(anonymous_48)
DA:1,1
DA:22,1
DA:25,68
DA:26,68
DA:27,68
DA:29,68
DA:30,68
DA:32,68
DA:33,68
DA:34,68
DA:35,68
DA:36,68
DA:37,68
DA:38,68
DA:39,68
DA:43,68
DA:49,68
DA:50,68
DA:52,68
DA:54,68
DA:55,3
DA:56,3
DA:57,3
DA:58,3
DA:61,68
DA:62,68
DA:64,68
DA:66,68
DA:67,2
DA:73,66
DA:74,64
DA:76,58
DA:77,58
DA:80,58
DA:81,58
DA:82,58
DA:83,0
DA:86,68
DA:87,1
DA:88,1
DA:89,1
DA:90,1
DA:93,68
DA:94,0
DA:95,0
DA:96,0
DA:97,0
DA:100,68
DA:101,0
DA:102,0
DA:103,0
DA:104,0
DA:105,0
DA:107,0
DA:108,0
DA:109,0
DA:110,0
DA:111,0
DA:115,68
DA:116,0
DA:117,0
DA:120,68
DA:121,0
DA:124,0
DA:125,0
DA:126,0
DA:128,0
DA:131,68
DA:132,0
DA:133,0
DA:134,0
DA:136,0
DA:137,0
DA:138,0
DA:140,0
DA:141,0
DA:142,0
DA:145,68
DA:146,0
DA:147,0
DA:148,0
DA:149,0
DA:153,0
DA:154,0
DA:155,0
DA:156,0
DA:157,0
DA:158,0
DA:159,0
DA:162,68
DA:163,2
DA:166,2
DA:167,2
DA:168,2
DA:169,2
DA:170,2
DA:171,1
DA:172,0
DA:173,0
DA:174,0
DA:175,0
DA:179,1
DA:180,1
DA:181,1
DA:182,1
DA:183,1
DA:184,1
DA:185,1
DA:186,1
DA:187,1
DA:188,0
DA:189,1
DA:192,68
DA:193,1
DA:194,1
DA:195,1
DA:198,1
DA:199,1
DA:200,1
DA:201,1
DA:202,1
DA:203,1
DA:204,1
DA:205,1
DA:206,1
DA:207,1
DA:208,1
DA:210,1
DA:211,0
DA:212,0
DA:213,0
DA:214,0
DA:215,0
DA:219,0
DA:222,68
DA:226,3
DA:227,3
DA:228,3
DA:229,3
DA:230,3
DA:231,3
DA:232,3
DA:233,3
DA:234,3
DA:236,3
DA:237,3
DA:238,3
DA:239,3
DA:240,3
DA:241,0
DA:242,0
DA:243,0
DA:244,0
DA:245,0
DA:248,3
DA:249,0
DA:250,0
DA:251,0
DA:252,0
DA:253,0
DA:256,3
DA:257,3
DA:258,3
DA:260,1
DA:261,1
DA:262,1
DA:263,1
DA:264,0
DA:265,0
DA:266,0
DA:267,0
DA:268,0
DA:271,1
DA:272,0
DA:273,0
DA:274,0
DA:275,0
DA:276,0
DA:280,3
DA:281,3
DA:282,3
DA:283,3
DA:284,3
DA:285,3
DA:290,68
DA:291,4
DA:295,0
DA:304,174
DA:313,3
DA:317,0
DA:321,0
DA:322,1
DA:323,0
DA:348,1
DA:376,0
DA:379,0
LF:196
LH:117
BRDA:26,0,0,68
BRDA:26,0,1,4
BRDA:54,1,0,3
BRDA:54,2,0,3
BRDA:58,3,0,0
BRDA:58,3,1,3
BRDA:66,4,0,2
BRDA:66,4,1,66
BRDA:73,5,0,2
BRDA:73,5,1,64
BRDA:74,6,0,6
BRDA:74,6,1,58
BRDA:82,7,0,46
BRDA:82,7,1,12
BRDA:83,8,0,0
BRDA:83,8,1,0
BRDA:83,9,0,0
BRDA:83,9,1,0
BRDA:87,10,0,0
BRDA:87,10,1,1
BRDA:87,11,0,1
BRDA:87,11,1,1
BRDA:94,12,0,0
BRDA:94,12,1,0
BRDA:94,13,0,0
BRDA:94,13,1,0
BRDA:94,13,2,0
BRDA:102,14,0,0
BRDA:102,14,1,0
BRDA:108,15,0,0
BRDA:108,15,1,0
BRDA:121,16,0,0
BRDA:121,16,1,0
BRDA:132,17,0,0
BRDA:132,17,1,0
BRDA:132,18,0,0
BRDA:132,18,1,0
BRDA:132,18,2,0
BRDA:134,19,0,0
BRDA:134,19,1,0
BRDA:134,20,0,0
BRDA:134,20,1,0
BRDA:163,21,0,0
BRDA:163,21,1,2
BRDA:166,22,0,2
BRDA:166,22,1,2
BRDA:168,23,0,2
BRDA:168,23,1,0
BRDA:170,24,0,1
BRDA:170,24,1,1
BRDA:171,25,0,0
BRDA:171,25,1,1
BRDA:188,26,0,0
BRDA:188,26,1,0
BRDA:193,27,0,0
BRDA:193,27,1,1
BRDA:195,28,0,0
BRDA:195,28,1,1
BRDA:203,29,0,1
BRDA:203,29,1,0
BRDA:205,30,0,0
BRDA:205,30,1,1
BRDA:210,31,0,0
BRDA:210,31,1,1
BRDA:212,32,0,0
BRDA:212,32,1,0
BRDA:226,33,0,0
BRDA:226,33,1,3
BRDA:228,34,0,0
BRDA:228,34,1,3
BRDA:231,35,0,0
BRDA:231,35,1,3
BRDA:240,36,0,0
BRDA:240,36,1,3
BRDA:242,37,0,0
BRDA:242,37,1,0
BRDA:248,38,0,0
BRDA:248,38,1,3
BRDA:250,39,0,0
BRDA:250,39,1,0
BRDA:258,40,0,1
BRDA:258,40,1,2
BRDA:263,41,0,0
BRDA:263,41,1,1
BRDA:265,42,0,0
BRDA:265,42,1,0
BRDA:271,43,0,0
BRDA:271,43,1,1
BRDA:273,44,0,0
BRDA:273,44,1,0
BRDA:282,45,0,0
BRDA:282,45,1,3
BRDA:305,46,0,58
BRDA:305,46,1,116
BRDA:305,47,0,58
BRDA:305,47,1,116
BRDA:305,48,0,58
BRDA:305,48,1,116
BRDA:306,49,0,174
BRDA:306,49,1,116
BRDA:311,50,0,68
BRDA:311,50,1,12
BRDA:317,51,0,12
BRDA:317,51,1,1
BRDA:328,52,0,68
BRDA:328,52,1,49
BRDA:329,53,0,68
BRDA:329,53,1,8
BRDA:351,54,0,68
BRDA:351,54,1,1
BRDA:375,55,0,68
BRDA:375,55,1,9
BRDA:379,56,0,68
BRDA:379,56,1,0
BRF:114
BRH:59
end_of_record
TN:
SF:app/api/auth/[...path]/route.js
FN:3,resolveEnv
FN:10,handler
FN:15,handle
FNF:3
FNH:0
FNDA:0,resolveEnv
FNDA:0,handler
FNDA:0,handle
DA:4,0
DA:5,0
DA:9,0
DA:11,0
DA:12,0
DA:16,0
DA:17,0
DA:19,0
DA:20,0
DA:27,0
DA:28,0
LF:11
LH:0
BRDA:4,0,0,0
BRDA:4,0,1,0
BRDA:4,1,0,0
BRDA:4,1,1,0
BRDA:11,2,0,0
BRDA:11,2,1,0
BRDA:17,3,0,0
BRDA:17,3,1,0
BRDA:19,4,0,0
BRDA:19,4,1,0
BRDA:21,5,0,0
BRDA:21,5,1,0
BRF:12
BRH:0
end_of_record
TN:
SF:app/api/claude/route.js
FN:1,POST
FNF:1
FNH:1
FNDA:7,POST
DA:2,7
DA:3,7
DA:5,7
DA:6,1
DA:9,6
DA:14,6
DA:16,6
DA:26,5
DA:27,5
DA:28,1
DA:30,4
DA:32,1
LF:12
LH:12
BRDA:3,0,0,7
BRDA:5,1,0,1
BRDA:5,1,1,6
BRDA:14,2,0,2
BRDA:14,2,1,4
BRDA:27,3,0,1
BRDA:27,3,1,4
BRDA:28,4,0,1
BRDA:28,4,1,0
BRF:9
BRH:8
end_of_record
TN:
SF:app/api/reviews/route.js
FN:5,POST
FNF:1
FNH:1
FNDA:10,POST
DA:6,10
DA:7,10
DA:8,10
DA:10,9
DA:11,9
DA:12,5
DA:14,3
DA:15,3
DA:17,2
LF:9
LH:9
BRDA:8,0,0,1
BRDA:8,0,1,9
BRDA:11,1,0,4
BRDA:11,1,1,5
BRDA:12,2,0,2
BRDA:12,2,1,3
BRDA:15,3,0,1
BRDA:15,3,1,2
BRF:8
BRH:8
end_of_record
TN:
SF:app/api/telegram/cron/route.js
FN:10,isAuthorized
FN:21,POST
FNF:2
FNH:2
FNDA:7,isAuthorized
FNDA:7,POST
DA:11,7
DA:12,7
DA:14,6
DA:15,7
DA:16,7
DA:18,4
DA:22,7
DA:24,2
DA:25,2
DA:26,1
DA:28,1
DA:29,1
LF:12
LH:12
BRDA:12,0,0,1
BRDA:12,0,1,6
BRDA:14,1,0,6
BRDA:14,1,1,1
BRDA:15,2,0,4
BRDA:15,2,1,2
BRDA:16,3,0,2
BRDA:16,3,1,5
BRDA:22,4,0,5
BRDA:22,4,1,2
BRF:10
BRH:10
end_of_record
TN:
SF:app/api/telegram/link/route.js
FN:5,requireUser
FN:10,botUsername
FN:22,botConfigured
FN:26,serialize
FN:39,GET
FN:51,POST
FN:69,DELETE
FNF:7
FNH:7
FNDA:18,requireUser
FNDA:15,botUsername
FNDA:13,botConfigured
FNDA:6,serialize
FNDA:7,GET
FNDA:8,POST
FNDA:3,DELETE
DA:6,18
DA:7,18
DA:11,15
DA:23,13
DA:27,6
DA:28,6
DA:29,1
DA:40,7
DA:41,7
DA:43,6
DA:44,6
DA:52,8
DA:53,8
DA:55,7
DA:56,3
DA:58,4
DA:60,4
DA:61,4
DA:62,1
DA:65,3
DA:66,3
DA:70,3
DA:71,3
DA:73,2
DA:74,2
DA:75,1
LF:26
LH:26
BRDA:7,0,0,18
BRDA:7,0,1,3
BRDA:11,1,0,15
BRDA:11,1,1,2
BRDA:23,2,0,13
BRDA:23,2,1,11
BRDA:23,2,2,9
BRDA:28,3,0,5
BRDA:28,3,1,1
BRDA:32,4,0,1
BRDA:32,4,1,0
BRDA:41,5,0,1
BRDA:41,5,1,6
BRDA:53,6,0,1
BRDA:53,6,1,7
BRDA:55,7,0,3
BRDA:55,7,1,4
BRDA:61,8,0,1
BRDA:61,8,1,3
BRDA:71,9,0,1
BRDA:71,9,1,2
BRDA:74,10,0,1
BRDA:74,10,1,1
BRF:23
BRH:22
end_of_record
TN:
SF:app/api/telegram/webhook/route.js
FN:18,isFromTelegram
FN:26,POST
FNF:2
FNH:2
FNDA:14,isFromTelegram
FNDA:14,POST
DA:5,1
DA:10,1
DA:11,1
DA:19,14
DA:20,14
DA:21,13
DA:22,13
DA:23,11
DA:27,14
DA:32,10
DA:33,8
DA:34,8
DA:35,6
DA:36,6
DA:39,10
DA:42,4
DA:43,4
DA:44,3
DA:48,2
DA:51,4
LF:20
LH:20
BRDA:20,0,0,1
BRDA:20,0,1,13
BRDA:22,1,0,2
BRDA:22,1,1,11
BRDA:27,2,0,10
BRDA:27,2,1,4
BRDA:32,3,0,8
BRDA:32,3,1,2
BRDA:34,4,0,6
BRDA:34,4,1,2
BRF:10
BRH:10
end_of_record
TN:
SF:app/api/words/route.js
FN:5,GET
FN:17,DELETE
FN:37,POST
FNF:3
FNH:0
FNDA:0,GET
FNDA:0,DELETE
FNDA:0,POST
DA:6,0
DA:7,0
DA:8,0
DA:10,0
DA:11,0
DA:14,0
DA:18,0
DA:19,0
DA:20,0
DA:22,0
DA:23,0
DA:24,0
DA:26,0
DA:27,0
DA:28,0
DA:31,0
DA:32,0
DA:33,0
DA:34,0
DA:38,0
DA:39,0
DA:40,0
DA:42,0
DA:43,0
DA:45,0
DA:46,0
DA:50,0
DA:67,0
LF:28
LH:0
BRDA:8,0,0,0
BRDA:8,0,1,0
BRDA:20,1,0,0
BRDA:20,1,1,0
BRDA:24,2,0,0
BRDA:24,2,1,0
BRDA:27,3,0,0
BRDA:27,3,1,0
BRDA:27,4,0,0
BRDA:27,4,1,0
BRDA:33,5,0,0
BRDA:33,5,1,0
BRDA:40,6,0,0
BRDA:40,6,1,0
BRDA:45,7,0,0
BRDA:45,7,1,0
BRDA:46,8,0,0
BRDA:46,8,1,0
BRDA:46,9,0,0
BRDA:46,9,1,0
BRDA:46,9,2,0
BRDA:47,10,0,0
BRDA:47,10,1,0
BRDA:52,11,0,0
BRDA:52,11,1,0
BRDA:52,12,0,0
BRDA:52,12,1,0
BRDA:52,13,0,0
BRDA:52,13,1,0
BRDA:67,14,0,0
BRDA:67,14,1,0
BRF:31
BRH:0
end_of_record
TN:
SF:app/components/ApiKeyScreen.jsx
FN:8,ApiKeyScreen
FN:32,(anonymous_1)
FN:33,(anonymous_2)
FN:37,(anonymous_3)
FNF:4
FNH:4
FNDA:24,ApiKeyScreen
FNDA:7,(anonymous_1)
FNDA:2,(anonymous_2)
FNDA:2,(anonymous_3)
DA:1,2
DA:6,2
DA:9,24
DA:10,24
DA:12,24
DA:32,7
DA:33,2
DA:37,2
LF:8
LH:8
BRDA:8,0,0,24
BRDA:33,1,0,2
BRDA:33,1,1,2
BRDA:33,1,2,1
BRDA:37,2,0,2
BRDA:37,2,1,2
BRDA:39,3,0,4
BRDA:39,3,1,20
BRDA:41,4,0,2
BRDA:41,4,1,22
BRF:10
BRH:10
end_of_record
TN:
SF:app/components/HeaderMenu.jsx
FN:21,HeaderMenu
FN:41,(anonymous_1)
FN:45,(anonymous_2)
FN:56,(anonymous_3)
FN:62,(anonymous_4)
FN:65,(anonymous_5)
FN:74,(anonymous_6)
FN:78,(anonymous_7)
FN:80,(anonymous_8)
FN:86,(anonymous_9)
FN:86,(anonymous_10)
FN:95,(anonymous_11)
FN:102,(anonymous_12)
FN:104,(anonymous_13)
FN:105,(anonymous_14)
FN:106,(anonymous_15)
FN:107,(anonymous_16)
FN:128,(anonymous_17)
FN:151,(anonymous_18)
FN:161,(anonymous_19)
FN:170,(anonymous_20)
FNF:21
FNH:20
FNDA:108,HeaderMenu
FNDA:55,(anonymous_1)
FNDA:5,(anonymous_2)
FNDA:2,(anonymous_3)
FNDA:8,(anonymous_4)
FNDA:18,(anonymous_5)
FNDA:56,(anonymous_6)
FNDA:61,(anonymous_7)
FNDA:18,(anonymous_8)
FNDA:72,(anonymous_9)
FNDA:4,(anonymous_10)
FNDA:2,(anonymous_11)
FNDA:7,(anonymous_12)
FNDA:3,(anonymous_13)
FNDA:1,(anonymous_14)
FNDA:1,(anonymous_15)
FNDA:1,(anonymous_16)
FNDA:16,(anonymous_17)
FNDA:0,(anonymous_18)
FNDA:72,(anonymous_19)
FNDA:144,(anonymous_20)
DA:1,2
DA:4,2
DA:22,108
DA:26,108
DA:27,108
DA:28,108
DA:29,108
DA:30,108
DA:31,108
DA:32,108
DA:34,108
DA:39,108
DA:41,108
DA:42,55
DA:45,18
DA:46,5
DA:47,4
DA:48,5
DA:55,5
DA:56,3
DA:57,2
DA:58,2
DA:62,18
DA:63,18
DA:64,18
DA:65,18
DA:66,18
DA:67,18
DA:74,108
DA:78,108
DA:80,108
DA:86,108
DA:87,4
DA:88,4
DA:89,4
DA:90,4
DA:95,108
DA:96,2
DA:97,2
DA:98,2
DA:99,2
DA:102,108
DA:103,7
DA:104,3
DA:105,1
DA:106,1
DA:107,1
DA:109,7
DA:110,7
DA:111,6
DA:112,6
DA:113,6
DA:115,1
DA:118,1
DA:119,1
DA:123,108
DA:128,16
DA:151,0
DA:162,72
DA:170,144
LF:60
LH:59
BRDA:42,0,0,37
BRDA:42,0,1,18
BRDA:46,1,0,1
BRDA:46,1,1,4
BRDA:55,2,0,3
BRDA:55,2,1,2
BRDA:58,3,0,1
BRDA:58,3,1,1
BRDA:58,4,0,2
BRDA:58,4,1,2
BRDA:62,5,0,1
BRDA:62,5,1,7
BRDA:78,6,0,24
BRDA:78,6,1,37
BRDA:96,7,0,0
BRDA:96,7,1,2
BRDA:96,8,0,2
BRDA:96,8,1,1
BRDA:99,9,0,1
BRDA:99,9,1,1
BRDA:104,10,0,1
BRDA:104,10,1,2
BRDA:105,11,0,1
BRDA:105,11,1,0
BRDA:110,12,0,6
BRDA:110,12,1,1
BRDA:115,13,0,1
BRDA:115,13,1,0
BRDA:128,14,0,0
BRDA:128,14,1,16
BRDA:132,15,0,24
BRDA:132,15,1,84
BRDA:138,16,0,24
BRDA:138,16,1,84
BRDA:146,17,0,108
BRDA:146,17,1,24
BRDA:163,18,0,72
BRDA:163,18,1,24
BRDA:172,19,0,24
BRDA:172,19,1,48
BRF:40
BRH:36
end_of_record
TN:
SF:app/components/LukuLogo.jsx
FN:3,LukuLogo
FNF:1
FNH:1
FNDA:101,LukuLogo
DA:4,101
DA:5,101
LF:2
LH:2
BRDA:3,0,0,101
BRF:1
BRH:1
end_of_record
TN:
SF:app/components/ReadStage.jsx
FN:5,ReadStage
FN:29,(anonymous_1)
FN:56,(anonymous_2)
FN:66,(anonymous_3)
FN:77,(anonymous_4)
FN:77,(anonymous_5)
FNF:6
FNH:6
FNDA:37,ReadStage
FNDA:74,(anonymous_1)
FNDA:118,(anonymous_2)
FNDA:3,(anonymous_3)
FNDA:10,(anonymous_4)
FNDA:74,(anonymous_5)
DA:12,37
DA:14,37
DA:30,74
DA:57,118
DA:58,117
DA:59,82
DA:60,73
DA:61,118
DA:62,118
DA:63,118
DA:66,3
DA:77,10
DA:78,74
LF:13
LH:13
BRDA:9,0,0,37
BRDA:19,1,0,37
BRDA:19,1,1,3
BRDA:36,2,0,37
BRDA:36,2,1,10
BRDA:39,3,0,0
BRDA:39,3,1,10
BRDA:40,4,0,0
BRDA:40,4,1,10
BRDA:44,5,0,37
BRDA:44,5,1,1
BRDA:49,6,0,37
BRDA:49,6,1,1
BRDA:57,7,0,1
BRDA:57,7,1,117
BRDA:58,8,0,35
BRDA:58,8,1,82
BRDA:59,9,0,9
BRDA:59,9,1,73
BRDA:60,10,0,73
BRDA:60,10,1,69
BRDA:61,11,0,118
BRDA:61,11,1,8
BRDA:68,12,0,3
BRDA:68,12,1,70
BRDA:68,13,0,5
BRDA:68,13,1,65
BRDA:68,14,0,3
BRDA:68,14,1,62
BRDA:68,15,0,5
BRDA:68,15,1,68
BRDA:68,16,0,3
BRDA:68,16,1,65
BRDA:68,17,0,62
BRDA:68,17,1,11
BRDA:68,18,0,118
BRDA:68,18,1,68
BRDA:68,18,2,65
BRDA:86,19,0,37
BRDA:86,19,1,6
BRDA:87,20,0,0
BRDA:87,20,1,6
BRDA:88,21,0,1
BRDA:88,21,1,5
BRDA:91,22,0,37
BRDA:91,22,1,6
BRDA:91,22,2,33
BRDA:92,23,0,2
BRDA:92,23,1,31
BRDA:92,24,0,1
BRDA:92,24,1,32
BRDA:93,25,0,2
BRDA:93,25,1,31
BRDA:95,26,0,1
BRDA:95,26,1,30
BRDA:95,27,0,1
BRDA:95,27,1,29
BRF:57
BRH:54
end_of_record
TN:
SF:app/components/ReviewStage.jsx
FN:6,ReviewStage
FN:70,(anonymous_1)
FN:108,(anonymous_2)
FN:117,(anonymous_3)
FN:129,(anonymous_4)
FN:130,(anonymous_5)
FN:137,(anonymous_6)
FN:146,(anonymous_7)
FN:152,(anonymous_8)
FN:153,(anonymous_9)
FN:154,(anonymous_10)
FNF:11
FNH:11
FNDA:50,ReviewStage
FNDA:34,(anonymous_1)
FNDA:40,(anonymous_2)
FNDA:1,(anonymous_3)
FNDA:1,(anonymous_4)
FNDA:9,(anonymous_5)
FNDA:2,(anonymous_6)
FNDA:1,(anonymous_7)
FNDA:1,(anonymous_8)
FNDA:1,(anonymous_9)
FNDA:1,(anonymous_10)
DA:4,2
DA:16,50
DA:17,50
DA:18,2
DA:26,48
DA:27,4
DA:45,44
DA:46,9
DA:47,9
DA:70,35
DA:71,35
DA:72,34
DA:74,34
DA:75,50
DA:77,50
DA:109,40
DA:118,1
DA:129,1
DA:132,9
DA:133,9
DA:134,9
DA:137,2
DA:146,1
DA:152,1
DA:153,1
DA:154,1
LF:26
LH:26
BRDA:16,0,0,16
BRDA:16,0,1,34
BRDA:17,1,0,2
BRDA:17,1,1,48
BRDA:26,2,0,4
BRDA:26,2,1,44
BRDA:33,3,0,1
BRDA:33,3,1,3
BRDA:34,4,0,4
BRDA:34,4,1,0
BRDA:36,5,0,0
BRDA:36,5,1,0
BRDA:45,6,0,9
BRDA:45,6,1,35
BRDA:46,7,0,9
BRDA:46,7,1,7
BRDA:53,8,0,4
BRDA:53,8,1,5
BRDA:56,9,0,4
BRDA:56,9,1,5
BRDA:57,10,0,1
BRDA:57,10,1,8
BRDA:59,11,0,9
BRDA:59,11,1,4
BRDA:59,11,2,1
BRDA:59,11,3,1
BRDA:61,12,0,0
BRDA:61,12,1,1
BRDA:64,13,0,1
BRDA:64,13,1,8
BRDA:64,14,0,9
BRDA:64,14,1,4
BRDA:71,15,0,1
BRDA:71,15,1,34
BRDA:74,16,0,12
BRDA:74,16,1,22
BRDA:74,17,0,0
BRDA:74,17,1,22
BRDA:75,18,0,50
BRDA:75,18,1,12
BRDA:75,18,2,5
BRDA:83,19,0,50
BRDA:83,19,1,0
BRDA:84,20,0,50
BRDA:84,20,1,12
BRDA:89,21,0,12
BRDA:89,21,1,22
BRDA:89,22,0,50
BRDA:89,22,1,34
BRDA:93,23,0,50
BRDA:93,23,1,4
BRDA:102,24,0,50
BRDA:102,24,1,2
BRDA:105,25,0,50
BRDA:105,25,1,21
BRDA:107,26,0,21
BRDA:107,26,1,21
BRDA:107,27,0,21
BRDA:107,27,1,0
BRDA:108,28,0,21
BRDA:108,28,1,0
BRDA:109,29,0,21
BRDA:109,29,1,19
BRDA:109,30,0,21
BRDA:109,30,1,19
BRDA:111,31,0,21
BRDA:111,31,1,1
BRDA:114,32,0,21
BRDA:114,32,1,1
BRDA:120,33,0,1
BRDA:120,33,1,1
BRDA:128,34,0,13
BRDA:128,34,1,21
BRDA:130,35,0,9
BRDA:130,35,1,12
BRDA:132,36,0,9
BRDA:132,36,1,3
BRDA:133,37,0,9
BRDA:133,37,1,9
BRDA:135,38,0,2
BRDA:135,38,1,7
BRDA:139,39,0,3
BRDA:139,39,1,6
BRDA:140,40,0,3
BRDA:140,40,1,6
BRDA:144,41,0,3
BRDA:144,41,1,6
BRDA:151,42,0,1
BRDA:151,42,1,11
BRDA:158,43,0,50
BRDA:158,43,1,22
BRDA:158,43,2,19
BRDA:158,43,3,10
BRF:93
BRH:85
end_of_record
TN:
SF:app/components/ScanStage.jsx
FN:4,ScanStage
FN:31,(anonymous_1)
FN:33,(anonymous_2)
FN:34,(anonymous_3)
FN:53,(anonymous_4)
FN:54,(anonymous_5)
FN:73,(anonymous_6)
FN:78,(anonymous_7)
FN:79,(anonymous_8)
FNF:9
FNH:2
FNDA:49,ScanStage
FNDA:0,(anonymous_1)
FNDA:0,(anonymous_2)
FNDA:0,(anonymous_3)
FNDA:0,(anonymous_4)
FNDA:0,(anonymous_5)
FNDA:184,(anonymous_6)
FNDA:0,(anonymous_7)
FNDA:0,(anonymous_8)
DA:10,49
DA:12,49
DA:13,3
DA:31,0
DA:33,0
DA:34,0
DA:45,46
DA:53,0
DA:54,0
DA:73,184
DA:78,0
DA:79,0
LF:12
LH:5
BRDA:12,0,0,3
BRDA:12,0,1,46
BRDA:33,1,0,0
BRDA:33,1,1,3
BRDA:34,2,0,3
BRDA:34,2,1,0
BRDA:54,3,0,0
BRDA:54,3,1,0
BRDA:55,4,0,3
BRDA:55,4,1,43
BRDA:55,5,0,0
BRDA:55,5,1,46
BRDA:57,6,0,0
BRDA:57,6,1,46
BRDA:81,7,0,49
BRDA:81,7,1,3
BRDA:86,8,0,3
BRDA:86,8,1,0
BRDA:86,8,2,0
BRDA:93,9,0,49
BRDA:93,9,1,0
BRDA:98,10,0,49
BRDA:98,10,1,10
BRDA:100,11,0,0
BRDA:100,11,1,10
BRDA:103,12,0,49
BRDA:103,12,1,36
BRDA:103,12,2,0
BRDA:105,13,0,0
BRDA:105,13,1,0
BRF:30
BRH:17
end_of_record
TN:
SF:app/components/SignIn.jsx
FN:9,SignIn
FN:19,(anonymous_1)
FN:28,(anonymous_2)
FN:37,(anonymous_3)
FN:63,(anonymous_4)
FN:66,(anonymous_5)
FN:74,(anonymous_6)
FN:75,(anonymous_7)
FN:80,(anonymous_8)
FN:81,(anonymous_9)
FN:82,(anonymous_10)
FN:86,(anonymous_11)
FN:91,(anonymous_12)
FN:92,(anonymous_13)
FN:93,(anonymous_14)
FN:94,(anonymous_15)
FN:98,(anonymous_16)
FNF:17
FNH:7
FNDA:19,SignIn
FNDA:0,(anonymous_1)
FNDA:0,(anonymous_2)
FNDA:0,(anonymous_3)
FNDA:0,(anonymous_4)
FNDA:0,(anonymous_5)
FNDA:4,(anonymous_6)
FNDA:2,(anonymous_7)
FNDA:1,(anonymous_8)
FNDA:1,(anonymous_9)
FNDA:0,(anonymous_10)
FNDA:1,(anonymous_11)
FNDA:0,(anonymous_12)
FNDA:0,(anonymous_13)
FNDA:0,(anonymous_14)
FNDA:0,(anonymous_15)
FNDA:1,(anonymous_16)
DA:1,2
DA:7,2
DA:10,19
DA:11,19
DA:12,19
DA:13,19
DA:14,19
DA:15,19
DA:17,19
DA:19,19
DA:20,0
DA:21,0
DA:22,0
DA:23,0
DA:24,0
DA:25,0
DA:28,19
DA:29,0
DA:30,0
DA:31,0
DA:32,0
DA:33,0
DA:34,0
DA:37,19
DA:38,0
DA:39,0
DA:40,0
DA:41,0
DA:42,0
DA:43,0
DA:47,19
DA:54,19
DA:56,19
DA:63,0
DA:66,0
DA:74,4
DA:75,2
DA:80,1
DA:81,1
DA:82,0
DA:86,1
DA:91,0
DA:92,0
DA:93,0
DA:94,0
DA:98,1
LF:46
LH:21
BRDA:23,0,0,0
BRDA:23,0,1,0
BRDA:23,1,0,0
BRDA:23,1,1,0
BRDA:24,2,0,0
BRDA:24,2,1,0
BRDA:32,3,0,0
BRDA:32,3,1,0
BRDA:32,4,0,0
BRDA:32,4,1,0
BRDA:33,5,0,0
BRDA:33,5,1,0
BRDA:40,6,0,0
BRDA:40,6,1,0
BRDA:41,7,0,0
BRDA:41,7,1,0
BRDA:41,8,0,0
BRDA:41,8,1,0
BRDA:42,9,0,0
BRDA:42,9,1,0
BRDA:54,10,0,19
BRDA:54,10,1,0
BRDA:61,11,0,19
BRDA:61,11,1,11
BRDA:63,12,0,0
BRDA:63,12,1,11
BRDA:64,13,0,0
BRDA:64,13,1,11
BRDA:66,14,0,0
BRDA:66,14,1,11
BRDA:67,15,0,0
BRDA:67,15,1,11
BRDA:79,16,0,19
BRDA:79,16,1,6
BRDA:82,17,0,0
BRDA:82,17,1,0
BRDA:83,18,0,6
BRDA:83,18,1,6
BRDA:83,18,2,2
BRDA:83,19,0,5
BRDA:83,19,1,1
BRDA:83,20,0,6
BRDA:83,20,1,6
BRDA:83,20,2,2
BRDA:84,21,0,0
BRDA:84,21,1,6
BRDA:90,22,0,19
BRDA:90,22,1,2
BRDA:94,23,0,0
BRDA:94,23,1,0
BRDA:95,24,0,2
BRDA:95,24,1,2
BRDA:95,24,2,0
BRDA:95,25,0,2
BRDA:95,25,1,0
BRDA:95,26,0,2
BRDA:95,26,1,2
BRDA:95,26,2,0
BRDA:96,27,0,0
BRDA:96,27,1,2
BRF:60
BRH:26
end_of_record
TN:
SF:app/components/TelegramConnect.jsx
FN:15,TelegramConnect
FN:26,(anonymous_1)
FN:32,(anonymous_2)
FN:35,(anonymous_3)
FN:36,(anonymous_4)
FN:37,(anonymous_5)
FN:38,(anonymous_6)
FN:45,(anonymous_7)
FN:51,(anonymous_8)
FN:78,(anonymous_9)
FN:84,(anonymous_10)
FN:112,(anonymous_11)
FN:139,(anonymous_12)
FN:166,(anonymous_13)
FN:169,(anonymous_14)
FNF:15
FNH:14
FNDA:48,TelegramConnect
FNDA:17,(anonymous_1)
FNDA:16,(anonymous_2)
FNDA:16,(anonymous_3)
FNDA:0,(anonymous_4)
FNDA:16,(anonymous_5)
FNDA:16,(anonymous_6)
FNDA:20,(anonymous_7)
FNDA:1,(anonymous_8)
FNDA:3,(anonymous_9)
FNDA:5,(anonymous_10)
FNDA:1,(anonymous_11)
FNDA:11,(anonymous_12)
FNDA:1,(anonymous_13)
FNDA:2,(anonymous_14)
DA:1,2
DA:10,2
DA:11,2
DA:12,2
DA:13,2
DA:16,48
DA:17,48
DA:18,48
DA:19,48
DA:20,48
DA:21,48
DA:22,48
DA:23,48
DA:24,48
DA:26,48
DA:27,17
DA:28,17
DA:29,17
DA:32,48
DA:33,16
DA:34,16
DA:35,16
DA:36,0
DA:37,16
DA:38,16
DA:45,48
DA:46,20
DA:48,3
DA:49,3
DA:51,3
DA:52,1
DA:53,1
DA:55,1
DA:56,0
DA:57,0
DA:58,0
DA:61,1
DA:62,1
DA:63,1
DA:64,1
DA:65,1
DA:66,1
DA:67,1
DA:73,0
DA:76,3
DA:78,3
DA:79,3
DA:80,3
DA:84,48
DA:85,5
DA:86,5
DA:92,5
DA:93,5
DA:95,5
DA:96,5
DA:97,5
DA:98,5
DA:99,3
DA:100,3
DA:102,3
DA:103,0
DA:105,2
DA:106,2
DA:108,5
DA:112,48
DA:113,1
DA:114,1
DA:115,1
DA:116,1
DA:117,1
DA:118,1
DA:119,1
DA:121,0
DA:123,1
DA:127,48
DA:139,11
DA:166,1
DA:169,2
LF:78
LH:71
BRDA:28,0,0,0
BRDA:28,0,1,17
BRDA:35,1,0,16
BRDA:35,1,1,0
BRDA:36,2,0,0
BRDA:36,2,1,0
BRDA:37,3,0,16
BRDA:37,3,1,0
BRDA:46,4,0,17
BRDA:46,4,1,3
BRDA:52,5,0,0
BRDA:52,5,1,1
BRDA:55,6,0,0
BRDA:55,6,1,1
BRDA:63,7,0,0
BRDA:63,7,1,1
BRDA:64,8,0,1
BRDA:64,8,1,0
BRDA:73,9,0,0
BRDA:73,9,1,0
BRDA:92,10,0,5
BRDA:92,10,1,0
BRDA:93,11,0,5
BRDA:93,11,1,0
BRDA:98,12,0,2
BRDA:98,12,1,3
BRDA:98,13,0,2
BRDA:98,13,1,0
BRDA:102,14,0,3
BRDA:102,14,1,0
BRDA:117,15,0,0
BRDA:117,15,1,1
BRDA:148,16,0,48
BRDA:148,16,1,16
BRDA:150,17,0,48
BRDA:150,17,1,32
BRDA:150,17,2,14
BRDA:153,18,0,14
BRDA:153,18,1,0
BRDA:156,19,0,13
BRDA:156,19,1,1
BRDA:161,20,0,3
BRDA:161,20,1,11
BRDA:163,21,0,1
BRDA:163,21,1,2
BRDA:176,22,0,48
BRDA:176,22,1,32
BRDA:176,22,2,18
BRDA:176,22,3,1
BRDA:183,23,0,48
BRDA:183,23,1,32
BRDA:183,23,2,18
BRDA:183,23,3,17
BRDA:188,24,0,3
BRDA:188,24,1,14
BRDA:205,25,0,14
BRDA:205,25,1,0
BRDA:210,26,0,5
BRDA:210,26,1,9
BRDA:211,27,0,5
BRDA:211,27,1,9
BRDA:211,28,0,0
BRDA:211,28,1,9
BRDA:218,29,0,48
BRDA:218,29,1,2
BRF:65
BRH:46
end_of_record
TN:
SF:app/components/TranslationPopup.jsx
FN:5,TranslationPopup
FN:23,(anonymous_1)
FN:56,(anonymous_2)
FNF:3
FNH:3
FNDA:60,TranslationPopup
FNDA:4,(anonymous_1)
FNDA:29,(anonymous_2)
DA:3,3
DA:6,60
DA:7,27
DA:8,60
DA:9,60
DA:12,60
DA:21,60
DA:23,4
DA:57,29
LF:9
LH:9
BRDA:6,0,0,33
BRDA:6,0,1,27
BRDA:7,1,0,27
BRDA:7,1,1,0
BRDA:8,2,0,60
BRDA:8,2,1,0
BRDA:9,3,0,60
BRDA:9,3,1,0
BRDA:26,4,0,5
BRDA:26,4,1,22
BRDA:34,5,0,5
BRDA:34,5,1,17
BRDA:39,6,0,5
BRDA:39,6,1,1
BRDA:46,7,0,17
BRDA:46,7,1,0
BRDA:47,8,0,17
BRDA:47,8,1,1
BRDA:49,9,0,17
BRDA:49,9,1,17
BRDA:50,10,0,17
BRDA:50,10,1,0
BRDA:50,11,0,17
BRDA:50,11,1,0
BRDA:56,12,0,17
BRDA:56,12,1,0
BRDA:57,13,0,17
BRDA:57,13,1,12
BRDA:57,14,0,17
BRDA:57,14,1,12
BRDA:58,15,0,17
BRDA:58,15,1,12
BRDA:62,16,0,17
BRDA:62,16,1,17
BRDA:62,16,2,3
BRDA:67,17,0,3
BRDA:67,17,1,1
BRDA:71,18,0,17
BRDA:71,18,1,16
BRDA:72,19,0,4
BRDA:72,19,1,12
BRDA:72,20,0,16
BRDA:72,20,1,13
BRF:43
BRH:36
end_of_record
TN:
SF:app/components/WordList.jsx
FN:8,WordList
FN:11,(anonymous_1)
FN:13,(anonymous_2)
FN:29,(anonymous_3)
FN:39,(anonymous_4)
FN:53,(anonymous_5)
FN:58,(anonymous_6)
FN:60,(anonymous_7)
FN:66,(anonymous_8)
FN:73,(anonymous_9)
FNF:10
FNH:10
FNDA:42,WordList
FNDA:1,(anonymous_1)
FNDA:3,(anonymous_2)
FNDA:3,(anonymous_3)
FNDA:91,(anonymous_4)
FNDA:28,(anonymous_5)
FNDA:5,(anonymous_6)
FNDA:4,(anonymous_7)
FNDA:1,(anonymous_8)
FNDA:11,(anonymous_9)
DA:1,2
DA:6,2
DA:9,42
DA:11,42
DA:12,42
DA:13,42
DA:15,42
DA:29,3
DA:40,91
DA:53,28
DA:58,5
DA:60,4
DA:66,1
DA:73,11
LF:14
LH:14
BRDA:37,0,0,7
BRDA:37,0,1,35
BRDA:44,1,0,91
BRDA:44,1,1,91
BRDA:45,2,0,91
BRDA:45,2,1,0
BRDA:49,3,0,91
BRDA:49,3,1,0
BRDA:51,4,0,91
BRDA:51,4,1,28
BRDA:53,5,0,28
BRDA:53,5,1,0
BRDA:57,6,0,11
BRDA:57,6,1,80
BRF:14
BRH:11
end_of_record
TN:
SF:app/hooks/useApiKey.js
FN:3,useApiKey
FN:4,(anonymous_1)
FN:8,(anonymous_2)
FNF:3
FNH:3
FNDA:76,useApiKey
FNDA:18,(anonymous_1)
FNDA:7,(anonymous_2)
DA:4,76
DA:5,18
DA:8,76
DA:9,7
DA:10,7
DA:13,76
LF:6
LH:6
BRDA:5,0,0,18
BRDA:5,0,1,7
BRDA:10,1,0,4
BRDA:10,1,1,3
BRF:4
BRH:4
end_of_record
TN:
SF:app/hooks/useDialog.js
FN:15,useDialog
FN:23,(anonymous_1)
FN:27,(anonymous_2)
FN:33,(anonymous_3)
FN:62,(anonymous_4)
FNF:5
FNH:5
FNDA:90,useDialog
FNDA:38,(anonymous_1)
FNDA:39,(anonymous_2)
FNDA:2,(anonymous_3)
FNDA:38,(anonymous_4)
DA:1,3
DA:4,3
DA:16,90
DA:20,90
DA:21,90
DA:23,90
DA:24,38
DA:25,38
DA:27,39
DA:31,38
DA:33,38
DA:34,2
DA:35,1
DA:36,1
DA:37,1
DA:39,1
DA:41,1
DA:42,1
DA:43,0
DA:44,0
DA:47,1
DA:48,1
DA:49,1
DA:52,1
DA:53,0
DA:54,0
DA:55,1
DA:56,1
DA:57,1
DA:61,38
DA:62,38
DA:63,38
DA:64,38
DA:68,90
LF:34
LH:30
BRDA:27,0,0,39
BRDA:27,0,1,0
BRDA:31,1,0,38
BRDA:31,1,1,0
BRDA:34,2,0,1
BRDA:34,2,1,1
BRDA:39,3,0,0
BRDA:39,3,1,1
BRDA:42,4,0,0
BRDA:42,4,1,1
BRDA:52,5,0,0
BRDA:52,5,1,1
BRDA:52,6,0,1
BRDA:52,6,1,0
BRDA:52,6,2,0
BRDA:55,7,0,1
BRDA:55,7,1,0
BRDA:55,8,0,1
BRDA:55,8,1,1
BRDA:55,8,2,0
BRF:20
BRH:11
end_of_record
TN:
SF:app/hooks/useImageProcessing.js
FN:7,useImageProcessing
FN:25,(anonymous_1)
FN:27,(anonymous_2)
FN:30,(anonymous_3)
FN:38,(anonymous_4)
FN:51,(anonymous_5)
FN:59,(anonymous_6)
FN:63,(anonymous_7)
FN:64,(anonymous_8)
FN:66,(anonymous_9)
FN:81,(anonymous_10)
FN:87,(anonymous_11)
FN:89,(anonymous_12)
FN:105,(anonymous_13)
FNF:14
FNH:7
FNDA:68,useImageProcessing
FNDA:0,(anonymous_1)
FNDA:3,(anonymous_2)
FNDA:0,(anonymous_3)
FNDA:3,(anonymous_4)
FNDA:3,(anonymous_5)
FNDA:3,(anonymous_6)
FNDA:3,(anonymous_7)
FNDA:0,(anonymous_8)
FNDA:0,(anonymous_9)
FNDA:3,(anonymous_10)
FNDA:0,(anonymous_11)
FNDA:0,(anonymous_12)
FNDA:0,(anonymous_13)
DA:8,68
DA:9,68
DA:10,68
DA:11,68
DA:12,68
DA:13,68
DA:15,68
DA:16,68
DA:17,68
DA:18,68
DA:19,68
DA:20,68
DA:22,68
DA:23,68
DA:25,68
DA:27,68
DA:28,3
DA:29,3
DA:30,3
DA:31,0
DA:32,0
DA:34,3
DA:35,3
DA:38,68
DA:39,3
DA:40,3
DA:41,3
DA:42,3
DA:43,3
DA:44,3
DA:45,3
DA:46,3
DA:47,0
DA:48,3
DA:51,68
DA:52,3
DA:53,3
DA:54,3
DA:55,3
DA:56,3
DA:57,3
DA:58,3
DA:59,3
DA:60,3
DA:63,68
DA:64,68
DA:66,68
DA:67,0
DA:68,0
DA:69,0
DA:70,0
DA:71,0
DA:72,0
DA:73,0
DA:74,0
DA:75,0
DA:76,0
DA:77,0
DA:78,0
DA:81,68
DA:82,3
DA:83,3
DA:84,3
DA:87,68
DA:89,68
DA:90,0
DA:91,0
DA:92,0
DA:93,0
DA:94,0
DA:95,0
DA:96,0
DA:97,0
DA:98,0
DA:99,0
DA:100,0
DA:101,0
DA:102,0
DA:105,68
DA:106,0
DA:107,0
DA:108,0
DA:109,0
DA:112,68
LF:84
LH:52
BRDA:44,0,0,0
BRDA:44,0,1,3
BRDA:52,1,0,0
BRDA:52,1,1,3
BRDA:52,2,0,3
BRDA:52,2,1,3
BRDA:67,3,0,0
BRDA:67,3,1,0
BRDA:67,4,0,0
BRDA:67,4,1,0
BRDA:74,5,0,0
BRDA:74,5,1,0
BRDA:84,6,0,3
BRDA:84,6,1,0
BRDA:90,7,0,0
BRDA:90,7,1,0
BRDA:91,8,0,0
BRDA:91,8,1,0
BRDA:96,9,0,0
BRDA:96,9,1,0
BRDA:96,10,0,0
BRDA:96,10,1,0
BRDA:98,11,0,0
BRDA:98,11,1,0
BRF:24
BRH:5
end_of_record
TN:
SF:app/hooks/useReview.js
FN:3,useReview
FN:15,(anonymous_1)
FN:20,(anonymous_2)
FN:21,(anonymous_3)
FN:22,(anonymous_4)
FN:22,(anonymous_5)
FN:23,(anonymous_6)
FN:26,(anonymous_7)
FN:28,(anonymous_8)
FN:34,(anonymous_9)
FN:36,(anonymous_10)
FN:42,(anonymous_11)
FN:44,(anonymous_12)
FN:50,(anonymous_13)
FN:52,(anonymous_14)
FN:55,(anonymous_15)
FN:56,(anonymous_16)
FN:56,(anonymous_17)
FN:57,(anonymous_18)
FN:63,(anonymous_19)
FN:64,(anonymous_20)
FN:70,(anonymous_21)
FN:84,(anonymous_22)
FN:85,(anonymous_23)
FN:91,(anonymous_24)
FN:93,(anonymous_25)
FN:94,(anonymous_26)
FN:96,(anonymous_27)
FN:96,(anonymous_28)
FN:97,(anonymous_29)
FN:102,(anonymous_30)
FN:103,(anonymous_31)
FN:110,(anonymous_32)
FN:113,(anonymous_33)
FNF:34
FNH:27
FNDA:149,useReview
FNDA:123,(anonymous_1)
FNDA:62,(anonymous_2)
FNDA:0,(anonymous_3)
FNDA:1,(anonymous_4)
FNDA:3,(anonymous_5)
FNDA:0,(anonymous_6)
FNDA:24,(anonymous_7)
FNDA:68,(anonymous_8)
FNDA:1,(anonymous_9)
FNDA:3,(anonymous_10)
FNDA:8,(anonymous_11)
FNDA:22,(anonymous_12)
FNDA:13,(anonymous_13)
FNDA:14,(anonymous_14)
FNDA:0,(anonymous_15)
FNDA:1,(anonymous_16)
FNDA:3,(anonymous_17)
FNDA:0,(anonymous_18)
FNDA:0,(anonymous_19)
FNDA:0,(anonymous_20)
FNDA:3,(anonymous_21)
FNDA:1,(anonymous_22)
FNDA:5,(anonymous_23)
FNDA:8,(anonymous_24)
FNDA:15,(anonymous_25)
FNDA:5,(anonymous_26)
FNDA:8,(anonymous_27)
FNDA:15,(anonymous_28)
FNDA:1,(anonymous_29)
FNDA:2,(anonymous_30)
FNDA:2,(anonymous_31)
FNDA:0,(anonymous_32)
FNDA:1,(anonymous_33)
DA:4,149
DA:5,149
DA:6,149
DA:7,149
DA:8,149
DA:9,149
DA:10,149
DA:15,149
DA:16,123
DA:17,72
DA:18,47
DA:19,47
DA:20,62
DA:21,1
DA:22,3
DA:23,1
DA:26,149
DA:27,24
DA:28,68
DA:29,24
DA:30,24
DA:31,24
DA:34,149
DA:35,1
DA:36,3
DA:37,1
DA:38,1
DA:39,1
DA:42,149
DA:43,8
DA:44,22
DA:45,8
DA:46,8
DA:47,8
DA:50,149
DA:51,13
DA:52,14
DA:53,13
DA:54,1
DA:55,1
DA:56,3
DA:57,1
DA:59,1
DA:60,1
DA:62,12
DA:63,0
DA:64,0
DA:65,0
DA:66,0
DA:68,12
DA:70,3
DA:71,3
DA:72,3
DA:74,9
DA:75,9
DA:76,9
DA:81,6
DA:82,5
DA:83,5
DA:84,5
DA:85,5
DA:86,5
DA:87,1
DA:88,6
DA:91,149
DA:92,8
DA:93,15
DA:94,8
DA:95,8
DA:96,15
DA:97,8
DA:98,8
DA:99,8
DA:102,149
DA:103,2
DA:104,2
DA:105,2
DA:106,1
DA:108,2
DA:110,2
DA:113,149
DA:114,1
DA:115,1
DA:116,1
DA:117,1
DA:118,1
DA:121,149
LF:87
LH:83
BRDA:16,0,0,51
BRDA:16,0,1,72
BRDA:17,1,0,25
BRDA:17,1,1,47
BRDA:19,2,0,0
BRDA:19,2,1,47
BRDA:20,3,0,46
BRDA:20,3,1,1
BRDA:23,4,0,0
BRDA:23,4,1,1
BRDA:53,5,0,1
BRDA:53,5,1,12
BRDA:54,6,0,1
BRDA:54,6,1,0
BRDA:57,7,0,0
BRDA:57,7,1,1
BRDA:62,8,0,0
BRDA:62,8,1,12
BRDA:63,9,0,0
BRDA:63,9,1,0
BRDA:68,10,0,3
BRDA:68,10,1,9
BRDA:81,11,0,1
BRDA:81,11,1,5
BRDA:83,12,0,1
BRDA:83,12,1,4
BRDA:84,13,0,1
BRDA:84,13,1,4
BRDA:93,14,0,5
BRDA:93,14,1,10
BRDA:97,15,0,1
BRDA:97,15,1,7
BRDA:98,16,0,2
BRDA:98,16,1,6
BRDA:110,17,0,0
BRDA:110,17,1,2
BRF:36
BRH:28
end_of_record
TN:
SF:app/hooks/useSession.js
FN:3,useSession
FN:4,(anonymous_1)
FN:11,(anonymous_2)
FN:13,(anonymous_3)
FNF:4
FNH:4
FNDA:80,useSession
FNDA:21,(anonymous_1)
FNDA:6,(anonymous_2)
FNDA:6,(anonymous_3)
DA:4,80
DA:5,21
DA:6,21
DA:7,21
DA:8,1
DA:11,80
DA:13,6
DA:14,6
DA:17,80
LF:9
LH:9
BRDA:6,0,0,21
BRDA:6,0,1,16
BRDA:7,1,0,19
BRDA:7,1,1,1
BRDA:7,2,0,21
BRDA:7,2,1,20
BRDA:7,2,2,20
BRDA:13,3,0,3
BRDA:13,3,1,3
BRF:9
BRH:9
end_of_record
TN:
SF:app/hooks/useWords.js
FN:3,useWords
FN:7,(anonymous_1)
FN:12,(anonymous_2)
FN:13,(anonymous_3)
FN:14,(anonymous_4)
FN:15,(anonymous_5)
FN:18,(anonymous_6)
FN:26,(anonymous_7)
FN:26,(anonymous_8)
FN:30,(anonymous_9)
FN:31,(anonymous_10)
FN:31,(anonymous_11)
FN:34,(anonymous_12)
FN:35,(anonymous_13)
FN:35,(anonymous_14)
FN:38,(anonymous_15)
FN:39,(anonymous_16)
FN:39,(anonymous_17)
FNF:18
FNH:18
FNDA:116,useWords
FNDA:27,(anonymous_1)
FNDA:23,(anonymous_2)
FNDA:23,(anonymous_3)
FNDA:1,(anonymous_4)
FNDA:24,(anonymous_5)
FNDA:5,(anonymous_6)
FNDA:4,(anonymous_7)
FNDA:1,(anonymous_8)
FNDA:1,(anonymous_9)
FNDA:1,(anonymous_10)
FNDA:2,(anonymous_11)
FNDA:4,(anonymous_12)
FNDA:4,(anonymous_13)
FNDA:5,(anonymous_14)
FNDA:3,(anonymous_15)
FNDA:3,(anonymous_16)
FNDA:2,(anonymous_17)
DA:4,116
DA:5,116
DA:7,116
DA:8,27
DA:9,24
DA:10,24
DA:11,24
DA:12,23
DA:13,23
DA:15,24
DA:18,116
DA:19,5
DA:24,5
DA:25,4
DA:26,4
DA:27,4
DA:30,116
DA:31,2
DA:34,116
DA:35,5
DA:38,116
DA:39,3
DA:42,116
LF:23
LH:23
BRDA:8,0,0,3
BRDA:8,0,1,24
BRDA:13,1,0,23
BRDA:13,1,1,0
BRDA:22,2,0,5
BRDA:22,2,1,4
BRDA:22,3,0,5
BRDA:22,3,1,4
BRDA:24,4,0,1
BRDA:24,4,1,4
BRDA:26,5,0,4
BRDA:26,5,1,0
BRDA:31,6,0,1
BRDA:31,6,1,1
BRDA:39,7,0,1
BRDA:39,7,1,2
BRF:16
BRH:14
end_of_record
TN:
SF:app/lib/api.js
FN:1,callClaude
FN:10,(anonymous_1)
FN:13,ocrImage
FN:25,translateWord
FNF:4
FNH:4
FNDA:11,callClaude
FNDA:7,(anonymous_1)
FNDA:1,ocrImage
FNDA:4,translateWord
DA:2,11
DA:8,11
DA:9,11
DA:10,9
DA:14,1
DA:26,4
DA:32,4
DA:33,4
DA:34,4
DA:43,1
LF:10
LH:10
BRDA:1,0,0,11
BRDA:9,1,0,2
BRDA:9,1,1,9
BRDA:9,2,0,2
BRDA:9,2,1,1
BRDA:10,3,0,9
BRDA:10,3,1,3
BRDA:37,4,0,4
BRDA:37,4,1,2
BRDA:39,5,0,4
BRDA:39,5,1,3
BRDA:40,6,0,4
BRDA:40,6,1,3
BRF:13
BRH:13
end_of_record
TN:
SF:app/lib/authClient.js
FNF:0
FNH:0
DA:3,0
LF:1
LH:0
BRF:0
BRH:0
end_of_record
TN:
SF:app/lib/image.js
FN:1,fileToBase64
FN:2,(anonymous_1)
FN:4,(anonymous_2)
FN:6,(anonymous_3)
FN:22,(anonymous_4)
FN:25,(anonymous_5)
FN:30,getCroppedImg
FN:31,(anonymous_7)
FN:33,(anonymous_8)
FN:52,(anonymous_9)
FNF:10
FNH:0
FNDA:0,fileToBase64
FNDA:0,(anonymous_1)
FNDA:0,(anonymous_2)
FNDA:0,(anonymous_3)
FNDA:0,(anonymous_4)
FNDA:0,(anonymous_5)
FNDA:0,getCroppedImg
FNDA:0,(anonymous_7)
FNDA:0,(anonymous_8)
FNDA:0,(anonymous_9)
DA:2,0
DA:3,0
DA:4,0
DA:5,0
DA:6,0
DA:7,0
DA:8,0
DA:9,0
DA:10,0
DA:11,0
DA:12,0
DA:13,0
DA:14,0
DA:15,0
DA:16,0
DA:17,0
DA:18,0
DA:20,0
DA:22,0
DA:23,0
DA:25,0
DA:26,0
DA:31,0
DA:32,0
DA:33,0
DA:34,0
DA:35,0
DA:36,0
DA:37,0
DA:38,0
DA:39,0
DA:44,0
DA:45,0
DA:46,0
DA:47,0
DA:48,0
DA:50,0
DA:52,0
DA:53,0
LF:39
LH:0
BRDA:12,0,0,0
BRDA:12,0,1,0
BRDA:16,1,0,0
BRDA:16,1,1,0
BRDA:38,2,0,0
BRDA:38,2,1,0
BRDA:46,3,0,0
BRDA:46,3,1,0
BRF:8
BRH:0
end_of_record
TN:
SF:app/lib/ocr.js
FN:5,waitForTesseract
FN:6,(anonymous_1)
FN:9,(anonymous_2)
FN:16,initWorker
FN:19,(anonymous_4)
FN:37,getOrCreateWorker
FN:39,(anonymous_6)
FN:47,resetTesseractWorker
FN:52,(anonymous_8)
FN:52,(anonymous_9)
FN:55,ocrLocal
FN:56,(anonymous_11)
FN:68,(anonymous_12)
FNF:13
FNH:10
FNDA:9,waitForTesseract
FNDA:9,(anonymous_1)
FNDA:4,(anonymous_2)
FNDA:6,initWorker
FNDA:0,(anonymous_4)
FNDA:7,getOrCreateWorker
FNDA:0,(anonymous_6)
FNDA:21,resetTesseractWorker
FNDA:6,(anonymous_8)
FNDA:1,(anonymous_9)
FNDA:2,ocrLocal
FNDA:2,(anonymous_11)
FNDA:0,(anonymous_12)
DA:1,1
DA:2,1
DA:3,1
DA:6,9
DA:7,9
DA:8,2
DA:9,2
DA:10,4
DA:11,3
DA:17,6
DA:18,6
DA:20,0
DA:21,0
DA:27,0
DA:30,6
DA:34,6
DA:38,7
DA:39,6
DA:40,0
DA:41,0
DA:44,7
DA:48,21
DA:49,6
DA:50,6
DA:51,6
DA:52,6
DA:56,2
DA:57,2
DA:58,2
DA:59,2
DA:60,2
DA:61,2
DA:62,2
DA:63,2
DA:65,2
DA:68,2
DA:69,2
LF:37
LH:32
BRDA:5,0,0,9
BRDA:7,1,0,7
BRDA:7,1,1,2
BRDA:7,2,0,9
BRDA:7,2,1,9
BRDA:10,3,0,1
BRDA:10,3,1,3
BRDA:10,4,0,4
BRDA:10,4,1,4
BRDA:11,5,0,1
BRDA:11,5,1,2
BRDA:20,6,0,0
BRDA:20,6,1,0
BRDA:20,7,0,0
BRDA:20,7,1,0
BRDA:21,8,0,0
BRDA:21,8,1,0
BRDA:22,9,0,0
BRDA:22,9,1,0
BRDA:23,10,0,0
BRDA:23,10,1,0
BRDA:24,11,0,0
BRDA:24,11,1,0
BRDA:25,12,0,0
BRDA:25,12,1,0
BRDA:27,13,0,0
BRDA:27,13,1,0
BRDA:38,14,0,6
BRDA:38,14,1,1
BRDA:48,15,0,15
BRDA:48,15,1,6
BRDA:57,16,0,1
BRDA:57,16,1,1
BRDA:58,17,0,2
BRDA:58,17,1,1
BRF:35
BRH:19
end_of_record
TN:
SF:app/lib/styles.js
FNF:0
FNH:0
DA:1,7
DA:2,7
LF:2
LH:2
BRF:0
BRH:0
end_of_record
TN:
SF:app/lib/utils.js
FN:3,(anonymous_0)
FN:14,joinHyphenated
FN:25,linkHyphenatedLineBreaks
FN:48,tokenize
FN:68,dehyphenate
FN:70,(anonymous_5)
FN:75,wordForms
FN:79,sentenceOf
FN:81,(anonymous_8)
FN:87,findExistingWord
FNF:10
FNH:10
FNDA:7,(anonymous_0)
FNDA:11,joinHyphenated
FNDA:35,linkHyphenatedLineBreaks
FNDA:35,tokenize
FNDA:14,dehyphenate
FNDA:3,(anonymous_5)
FNDA:158,wordForms
FNDA:8,sentenceOf
FNDA:11,(anonymous_8)
FNDA:14,findExistingWord
DA:1,4
DA:3,7
DA:7,4
DA:16,11
DA:19,11
DA:26,35
DA:27,105
DA:28,54
DA:29,54
DA:30,12
DA:33,12
DA:34,12
DA:35,16
DA:36,16
DA:38,12
DA:39,8
DA:40,8
DA:41,8
DA:42,8
DA:43,8
DA:45,35
DA:49,35
DA:51,35
DA:52,122
DA:57,122
DA:58,37
DA:60,94
DA:61,62
DA:63,35
DA:69,14
DA:71,3
DA:76,158
DA:80,8
DA:81,11
DA:88,14
DA:89,14
DA:90,14
DA:91,12
DA:92,10
DA:93,17
DA:94,17
DA:95,14
DA:96,13
DA:97,7
DA:98,4
DA:102,5
LF:46
LH:46
BRDA:3,0,0,7
BRDA:3,0,1,4
BRDA:16,1,0,11
BRDA:16,1,1,10
BRDA:16,1,2,2
BRDA:16,1,3,8
BRDA:16,1,4,8
BRDA:19,2,0,4
BRDA:19,2,1,7
BRDA:27,3,0,51
BRDA:27,3,1,54
BRDA:29,4,0,42
BRDA:29,4,1,12
BRDA:29,5,0,54
BRDA:29,5,1,26
BRDA:34,6,0,12
BRDA:34,6,1,24
BRDA:35,7,0,16
BRDA:35,7,1,4
BRDA:38,8,0,4
BRDA:38,8,1,8
BRDA:38,9,0,12
BRDA:38,9,1,9
BRDA:57,10,0,28
BRDA:57,10,1,94
BRDA:58,11,0,19
BRDA:58,11,1,18
BRDA:60,12,0,32
BRDA:60,12,1,62
BRDA:69,13,0,14
BRDA:69,13,1,2
BRDA:76,14,0,124
BRDA:76,14,1,34
BRDA:81,15,0,8
BRDA:81,15,1,1
BRDA:81,16,0,8
BRDA:81,16,1,0
BRDA:87,17,0,14
BRDA:88,18,0,14
BRDA:88,18,1,5
BRDA:89,19,0,14
BRDA:89,19,1,8
BRDA:90,20,0,2
BRDA:90,20,1,12
BRDA:90,21,0,14
BRDA:90,21,1,5
BRDA:91,22,0,2
BRDA:91,22,1,10
BRDA:93,23,0,17
BRDA:93,23,1,2
BRDA:94,24,0,3
BRDA:94,24,1,14
BRDA:94,25,0,17
BRDA:94,25,1,11
BRDA:94,25,2,10
BRDA:95,26,0,1
BRDA:95,26,1,13
BRDA:95,27,0,14
BRDA:95,27,1,11
BRDA:95,27,2,10
BRDA:96,28,0,7
BRDA:96,28,1,6
BRDA:96,29,0,13
BRDA:96,29,1,10
BRDA:98,30,0,1
BRDA:98,30,1,3
BRDA:98,31,0,4
BRDA:98,31,1,0
BRF:68
BRH:66
end_of_record
